<?xml version="1.0" encoding="UTF-8"?>
<coverage generated="1773914770349" clover="3.2.0">
  <project timestamp="1773914770350" name="All files">
    <metrics statements="6" coveredstatements="3" conditionals="6" coveredconditionals="4" methods="2" coveredmethods="1" elements="14" coveredelements="8" complexity="0" loc="6" ncloc="6" packages="1" files="1" classes="1"/>
    <file name="math.js" path="/home/iaa/Desktop/gitStore/js-repo/node_js/Vitest/math.js">
      <metrics statements="6" coveredstatements="3" conditionals="6" coveredconditionals="4" methods="2" coveredmethods="1"/>
      <line num="2" count="2" type="cond" truecount="4" falsecount="0"/>
      <line num="3" count="1" type="stmt"/>
      <line num="5" count="1" type="stmt"/>
      <line num="9" count="0" type="cond" truecount="0" falsecount="2"/>
      <line num="10" count="0" type="stmt"/>
      <line num="12" count="0" type="stmt"/>
    </file>
  </project>
</coverage>
